<?xml version="1.0" encoding="UTF-8"?>
<testng-results skipped="0" failed="0" ignored="0" total="1" passed="1">
  <reporter-output>
  </reporter-output>
  <suite name="Default suite" duration-ms="35262" started-at="2020-07-19T09:06:36Z" finished-at="2020-07-19T09:07:11Z">
    <groups>
    </groups>
    <test name="Default test" duration-ms="35262" started-at="2020-07-19T09:06:36Z" finished-at="2020-07-19T09:07:11Z">
      <class name="com.test.AddtoCart">
        <test-method status="PASS" signature="login()[pri:0, instance:com.test.AddtoCart@2e3967ea]" name="login" is-config="true" duration-ms="17022" started-at="2020-07-19T09:06:36Z" finished-at="2020-07-19T09:06:53Z">
          <reporter-output>
          </reporter-output>
        </test-method> <!-- login -->
        <test-method status="PASS" signature="addtocart()[pri:0, instance:com.test.AddtoCart@2e3967ea]" name="addtocart" duration-ms="18218" started-at="2020-07-19T09:06:53Z" finished-at="2020-07-19T09:07:11Z">
          <reporter-output>
          </reporter-output>
        </test-method> <!-- addtocart -->
      </class> <!-- com.test.AddtoCart -->
    </test> <!-- Default test -->
  </suite> <!-- Default suite -->
</testng-results>
