<?xml version="1.0" encoding="UTF-8"?>
<testng-results skipped="0" failed="0" ignored="0" total="4" passed="4">
  <reporter-output>
  </reporter-output>
  <suite name="Suite" duration-ms="99735" started-at="2020-07-19T09:25:40Z" finished-at="2020-07-19T09:27:20Z">
    <groups>
    </groups>
    <test name="Test" duration-ms="99735" started-at="2020-07-19T09:25:40Z" finished-at="2020-07-19T09:27:20Z">
      <class name="com.test.AddtoCart">
        <test-method status="PASS" signature="login()[pri:0, instance:com.test.AddtoCart@471a9022]" name="login" is-config="true" duration-ms="16937" started-at="2020-07-19T09:26:44Z" finished-at="2020-07-19T09:27:01Z">
          <reporter-output>
          </reporter-output>
        </test-method> <!-- login -->
        <test-method status="PASS" signature="addtocart()[pri:0, instance:com.test.AddtoCart@471a9022]" name="addtocart" duration-ms="19124" started-at="2020-07-19T09:27:01Z" finished-at="2020-07-19T09:27:20Z">
          <reporter-output>
          </reporter-output>
        </test-method> <!-- addtocart -->
      </class> <!-- com.test.AddtoCart -->
      <class name="com.test.Login">
        <test-method status="PASS" signature="login()[pri:0, instance:com.test.Login@e25951c]" name="login" duration-ms="22514" started-at="2020-07-19T09:26:06Z" finished-at="2020-07-19T09:26:29Z">
          <reporter-output>
          </reporter-output>
        </test-method> <!-- login -->
      </class> <!-- com.test.Login -->
      <class name="com.test.Registration">
        <test-method status="PASS" signature="Sign_up()[pri:0, instance:com.test.Registration@928763c]" name="Sign_up" is-config="true" duration-ms="26106" started-at="2020-07-19T09:25:40Z" finished-at="2020-07-19T09:26:06Z">
          <reporter-output>
          </reporter-output>
        </test-method> <!-- Sign_up -->
        <test-method status="PASS" signature="register()[pri:0, instance:com.test.Registration@928763c]" name="register" duration-ms="14" started-at="2020-07-19T09:26:06Z" finished-at="2020-07-19T09:26:06Z">
          <reporter-output>
          </reporter-output>
        </test-method> <!-- register -->
        <test-method status="PASS" signature="isregistered()[pri:0, instance:com.test.Registration@928763c]" name="isregistered" is-config="true" duration-ms="85" started-at="2020-07-19T09:26:06Z" finished-at="2020-07-19T09:26:06Z">
          <reporter-output>
          </reporter-output>
        </test-method> <!-- isregistered -->
      </class> <!-- com.test.Registration -->
      <class name="com.test.Search">
        <test-method status="PASS" signature="search()[pri:0, instance:com.test.Search@15f47664]" name="search" duration-ms="14926" started-at="2020-07-19T09:26:29Z" finished-at="2020-07-19T09:26:44Z">
          <reporter-output>
          </reporter-output>
        </test-method> <!-- search -->
      </class> <!-- com.test.Search -->
    </test> <!-- Test -->
  </suite> <!-- Suite -->
</testng-results>
