<?xml version="1.0" encoding="UTF-8"?>
<!-- Generated by org.testng.reporters.JUnitXMLReporter -->
<testsuite hostname="DESKTOP-DOIALI7" ignored="0" name="Test" tests="4" failures="0" timestamp="19 Jul 2020 08:09:58 GMT" time="97.327" errors="0">
  <testcase name="register" time="0.016" classname="com.test.Registration"/>
  <testcase name="login" time="16.248" classname="com.test.Login"/>
  <testcase name="search" time="14.171" classname="com.test.Search"/>
  <testcase name="addtocart" time="17.093" classname="com.test.AddtoCart"/>
</testsuite> <!-- Test -->
