<?xml version="1.0" encoding="UTF-8"?>
<!-- Generated by org.testng.reporters.JUnitXMLReporter -->
<testsuite hostname="DESKTOP-DOIALI7" ignored="0" name="Test" tests="4" failures="0" timestamp="19 Jul 2020 09:27:20 GMT" time="99.735" errors="0">
  <testcase name="register" time="0.014" classname="com.test.Registration"/>
  <testcase name="login" time="22.514" classname="com.test.Login"/>
  <testcase name="search" time="14.926" classname="com.test.Search"/>
  <testcase name="addtocart" time="19.124" classname="com.test.AddtoCart"/>
</testsuite> <!-- Test -->
